From: Arnd Bergmann <arnd@arndb.de>
Date: Mon, 25 Jan 2021 13:45:27 +0100
Subject: [PATCH] drivers/base: build kunit tests without structleak plugin
References: bsc#1012628
Patch-mainline: 5.11.7
Git-commit: 38009c766725a9877ea8866fc813a5460011817f

[ Upstream commit 38009c766725a9877ea8866fc813a5460011817f ]

The structleak plugin causes the stack frame size to grow immensely:

drivers/base/test/property-entry-test.c: In function 'pe_test_reference':
drivers/base/test/property-entry-test.c:481:1: error: the frame size of 2640 bytes is larger than 2048 bytes [-Werror=frame-larger-than=]
  481 | }
      | ^
drivers/base/test/property-entry-test.c: In function 'pe_test_uints':
drivers/base/test/property-entry-test.c:99:1: error: the frame size of 2592 bytes is larger than 2048 bytes [-Werror=frame-larger-than=]

Turn it off in this file.

Signed-off-by: Arnd Bergmann <arnd@arndb.de>
Link: https://lore.kernel.org/r/20210125124533.101339-3-arnd@kernel.org
Signed-off-by: Greg Kroah-Hartman <gregkh@linuxfoundation.org>
Signed-off-by: Sasha Levin <sashal@kernel.org>
Signed-off-by: Jiri Slaby <jslaby@suse.cz>
---
 drivers/base/test/Makefile | 1 +
 1 file changed, 1 insertion(+)

diff --git a/drivers/base/test/Makefile b/drivers/base/test/Makefile
index 3ca56367c84b..2f15fae8625f 100644
--- a/drivers/base/test/Makefile
+++ b/drivers/base/test/Makefile
@@ -2,3 +2,4 @@
 obj-$(CONFIG_TEST_ASYNC_DRIVER_PROBE)	+= test_async_driver_probe.o
 
 obj-$(CONFIG_KUNIT_DRIVER_PE_TEST) += property-entry-test.o
+CFLAGS_REMOVE_property-entry-test.o += -fplugin-arg-structleak_plugin-byref -fplugin-arg-structleak_plugin-byref-all
-- 
2.31.0

